+ source /dss/dsshome1/lxc0A/ru48zab2/.bashrc
++ test -s /dss/dsshome1/lxc0A/ru48zab2/.alias
++ true
++ module load spack
/dss/dsshome1/lxc0A/ru48zab2/.bashrc: line 30: module: command not found
++ module load nano
/dss/dsshome1/lxc0A/ru48zab2/.bashrc: line 32: module: command not found
++ module load r/3.5.0-X11-mkl
/dss/dsshome1/lxc0A/ru48zab2/.bashrc: line 34: module: command not found
++ module load git
/dss/dsshome1/lxc0A/ru48zab2/.bashrc: line 36: module: command not found
++ export CLUSTERS=serial
++ CLUSTERS=serial
++ export PATH=/home/hpc/pr74ze/ri89coc2/lrz_configs/bin:/home/ru48zab2/miniconda3/envs/pucu/bin:/home/ru48zab2/miniconda3/condabin:/home/hpc/pr74ze/ri89coc2/lrz_configs/bin:/home/hpc/pr74ze/ri89coc2/lrz_configs/bin:/home/hpc/pr74ze/ri89coc2/lrz_configs/bin:/usr/local/sbin:/usr/local/bin:/usr/sbin:/usr/bin:/sbin:/bin:/usr/games:/usr/local/games:/snap/bin
++ PATH=/home/hpc/pr74ze/ri89coc2/lrz_configs/bin:/home/ru48zab2/miniconda3/envs/pucu/bin:/home/ru48zab2/miniconda3/condabin:/home/hpc/pr74ze/ri89coc2/lrz_configs/bin:/home/hpc/pr74ze/ri89coc2/lrz_configs/bin:/home/hpc/pr74ze/ri89coc2/lrz_configs/bin:/usr/local/sbin:/usr/local/bin:/usr/sbin:/usr/bin:/sbin:/bin:/usr/games:/usr/local/games:/snap/bin
++ alias 'l=ls -alth'
+++ /dss/dsshome1/lxc0A/ru48zab2/miniconda3/bin/conda shell.bash hook
++ __conda_setup='export CONDA_EXE='\''/home/ru48zab2/miniconda3/bin/conda'\''
export _CE_M='\'''\''
export _CE_CONDA='\'''\''
export CONDA_PYTHON_EXE='\''/home/ru48zab2/miniconda3/bin/python'\''

# Copyright (C) 2012 Anaconda, Inc
# SPDX-License-Identifier: BSD-3-Clause

__add_sys_prefix_to_path() {
    # In dev-mode CONDA_EXE is python.exe and on Windows
    # it is in a different relative location to condabin.
    if [ -n "${_CE_CONDA}" ] && [ -n "${WINDIR+x}" ]; then
        SYSP=$(\dirname "${CONDA_EXE}")
    else
        SYSP=$(\dirname "${CONDA_EXE}")
        SYSP=$(\dirname "${SYSP}")
    fi

    if [ -n "${WINDIR+x}" ]; then
        PATH="${SYSP}/bin:${PATH}"
        PATH="${SYSP}/Scripts:${PATH}"
        PATH="${SYSP}/Library/bin:${PATH}"
        PATH="${SYSP}/Library/usr/bin:${PATH}"
        PATH="${SYSP}/Library/mingw-w64/bin:${PATH}"
        PATH="${SYSP}:${PATH}"
    else
        PATH="${SYSP}/bin:${PATH}"
    fi
    \export PATH
}

__conda_hashr() {
    if [ -n "${ZSH_VERSION:+x}" ]; then
        \rehash
    elif [ -n "${POSH_VERSION:+x}" ]; then
        :  # pass
    else
        \hash -r
    fi
}

__conda_activate() {
    if [ -n "${CONDA_PS1_BACKUP:+x}" ]; then
        # Handle transition from shell activated with conda <= 4.3 to a subsequent activation
        # after conda updated to >= 4.4. See issue #6173.
        PS1="$CONDA_PS1_BACKUP"
        \unset CONDA_PS1_BACKUP
    fi

    \local cmd="$1"
    shift
    \local ask_conda
    CONDA_INTERNAL_OLDPATH="${PATH}"
    __add_sys_prefix_to_path
    ask_conda="$(PS1="$PS1" "$CONDA_EXE" $_CE_M $_CE_CONDA shell.posix "$cmd" "$@")" || \return $?
    rc=$?
    PATH="${CONDA_INTERNAL_OLDPATH}"
    \eval "$ask_conda"
    if [ $rc != 0 ]; then
        \export PATH
    fi
    __conda_hashr
}

__conda_reactivate() {
    \local ask_conda
    CONDA_INTERNAL_OLDPATH="${PATH}"
    __add_sys_prefix_to_path
    ask_conda="$(PS1="$PS1" "$CONDA_EXE" $_CE_M $_CE_CONDA shell.posix reactivate)" || \return $?
    PATH="${CONDA_INTERNAL_OLDPATH}"
    \eval "$ask_conda"
    __conda_hashr
}

conda() {
    if [ "$#" -lt 1 ]; then
        "$CONDA_EXE" $_CE_M $_CE_CONDA
    else
        \local cmd="$1"
        shift
        case "$cmd" in
            activate|deactivate)
                __conda_activate "$cmd" "$@"
                ;;
            install|update|upgrade|remove|uninstall)
                CONDA_INTERNAL_OLDPATH="${PATH}"
                __add_sys_prefix_to_path
                "$CONDA_EXE" $_CE_M $_CE_CONDA "$cmd" "$@"
                \local t1=$?
                PATH="${CONDA_INTERNAL_OLDPATH}"
                if [ $t1 = 0 ]; then
                    __conda_reactivate
                else
                    return $t1
                fi
                ;;
            *)
                CONDA_INTERNAL_OLDPATH="${PATH}"
                __add_sys_prefix_to_path
                "$CONDA_EXE" $_CE_M $_CE_CONDA "$cmd" "$@"
                \local t1=$?
                PATH="${CONDA_INTERNAL_OLDPATH}"
                return $t1
                ;;
        esac
    fi
}

if [ -z "${CONDA_SHLVL+x}" ]; then
    \export CONDA_SHLVL=0
    # In dev-mode CONDA_EXE is python.exe and on Windows
    # it is in a different relative location to condabin.
    if [ -n "${_CE_CONDA+x}" ] && [ -n "${WINDIR+x}" ]; then
        PATH="$(\dirname "$CONDA_EXE")/condabin${PATH:+":${PATH}"}"
    else
        PATH="$(\dirname "$(\dirname "$CONDA_EXE")")/condabin${PATH:+":${PATH}"}"
    fi
    \export PATH

    # We'\''re not allowing PS1 to be unbound. It must at least be set.
    # However, we'\''re not exporting it, which can cause problems when starting a second shell
    # via a first shell (i.e. starting zsh from bash).
    if [ -z "${PS1+x}" ]; then
        PS1=
    fi
fi

conda activate base'
++ '[' 0 -eq 0 ']'
++ eval 'export CONDA_EXE='\''/home/ru48zab2/miniconda3/bin/conda'\''
export _CE_M='\'''\''
export _CE_CONDA='\'''\''
export CONDA_PYTHON_EXE='\''/home/ru48zab2/miniconda3/bin/python'\''

# Copyright (C) 2012 Anaconda, Inc
# SPDX-License-Identifier: BSD-3-Clause

__add_sys_prefix_to_path() {
    # In dev-mode CONDA_EXE is python.exe and on Windows
    # it is in a different relative location to condabin.
    if [ -n "${_CE_CONDA}" ] && [ -n "${WINDIR+x}" ]; then
        SYSP=$(\dirname "${CONDA_EXE}")
    else
        SYSP=$(\dirname "${CONDA_EXE}")
        SYSP=$(\dirname "${SYSP}")
    fi

    if [ -n "${WINDIR+x}" ]; then
        PATH="${SYSP}/bin:${PATH}"
        PATH="${SYSP}/Scripts:${PATH}"
        PATH="${SYSP}/Library/bin:${PATH}"
        PATH="${SYSP}/Library/usr/bin:${PATH}"
        PATH="${SYSP}/Library/mingw-w64/bin:${PATH}"
        PATH="${SYSP}:${PATH}"
    else
        PATH="${SYSP}/bin:${PATH}"
    fi
    \export PATH
}

__conda_hashr() {
    if [ -n "${ZSH_VERSION:+x}" ]; then
        \rehash
    elif [ -n "${POSH_VERSION:+x}" ]; then
        :  # pass
    else
        \hash -r
    fi
}

__conda_activate() {
    if [ -n "${CONDA_PS1_BACKUP:+x}" ]; then
        # Handle transition from shell activated with conda <= 4.3 to a subsequent activation
        # after conda updated to >= 4.4. See issue #6173.
        PS1="$CONDA_PS1_BACKUP"
        \unset CONDA_PS1_BACKUP
    fi

    \local cmd="$1"
    shift
    \local ask_conda
    CONDA_INTERNAL_OLDPATH="${PATH}"
    __add_sys_prefix_to_path
    ask_conda="$(PS1="$PS1" "$CONDA_EXE" $_CE_M $_CE_CONDA shell.posix "$cmd" "$@")" || \return $?
    rc=$?
    PATH="${CONDA_INTERNAL_OLDPATH}"
    \eval "$ask_conda"
    if [ $rc != 0 ]; then
        \export PATH
    fi
    __conda_hashr
}

__conda_reactivate() {
    \local ask_conda
    CONDA_INTERNAL_OLDPATH="${PATH}"
    __add_sys_prefix_to_path
    ask_conda="$(PS1="$PS1" "$CONDA_EXE" $_CE_M $_CE_CONDA shell.posix reactivate)" || \return $?
    PATH="${CONDA_INTERNAL_OLDPATH}"
    \eval "$ask_conda"
    __conda_hashr
}

conda() {
    if [ "$#" -lt 1 ]; then
        "$CONDA_EXE" $_CE_M $_CE_CONDA
    else
        \local cmd="$1"
        shift
        case "$cmd" in
            activate|deactivate)
                __conda_activate "$cmd" "$@"
                ;;
            install|update|upgrade|remove|uninstall)
                CONDA_INTERNAL_OLDPATH="${PATH}"
                __add_sys_prefix_to_path
                "$CONDA_EXE" $_CE_M $_CE_CONDA "$cmd" "$@"
                \local t1=$?
                PATH="${CONDA_INTERNAL_OLDPATH}"
                if [ $t1 = 0 ]; then
                    __conda_reactivate
                else
                    return $t1
                fi
                ;;
            *)
                CONDA_INTERNAL_OLDPATH="${PATH}"
                __add_sys_prefix_to_path
                "$CONDA_EXE" $_CE_M $_CE_CONDA "$cmd" "$@"
                \local t1=$?
                PATH="${CONDA_INTERNAL_OLDPATH}"
                return $t1
                ;;
        esac
    fi
}

if [ -z "${CONDA_SHLVL+x}" ]; then
    \export CONDA_SHLVL=0
    # In dev-mode CONDA_EXE is python.exe and on Windows
    # it is in a different relative location to condabin.
    if [ -n "${_CE_CONDA+x}" ] && [ -n "${WINDIR+x}" ]; then
        PATH="$(\dirname "$CONDA_EXE")/condabin${PATH:+":${PATH}"}"
    else
        PATH="$(\dirname "$(\dirname "$CONDA_EXE")")/condabin${PATH:+":${PATH}"}"
    fi
    \export PATH

    # We'\''re not allowing PS1 to be unbound. It must at least be set.
    # However, we'\''re not exporting it, which can cause problems when starting a second shell
    # via a first shell (i.e. starting zsh from bash).
    if [ -z "${PS1+x}" ]; then
        PS1=
    fi
fi

conda activate base'
+++ export CONDA_EXE=/home/ru48zab2/miniconda3/bin/conda
+++ CONDA_EXE=/home/ru48zab2/miniconda3/bin/conda
+++ export _CE_M=
+++ _CE_M=
+++ export _CE_CONDA=
+++ _CE_CONDA=
+++ export CONDA_PYTHON_EXE=/home/ru48zab2/miniconda3/bin/python
+++ CONDA_PYTHON_EXE=/home/ru48zab2/miniconda3/bin/python
+++ '[' -z x ']'
+++ conda activate base
+++ '[' 2 -lt 1 ']'
+++ local cmd=activate
+++ shift
+++ case "$cmd" in
+++ __conda_activate activate base
+++ '[' -n '' ']'
+++ local cmd=activate
+++ shift
+++ local ask_conda
+++ CONDA_INTERNAL_OLDPATH=/home/hpc/pr74ze/ri89coc2/lrz_configs/bin:/home/ru48zab2/miniconda3/envs/pucu/bin:/home/ru48zab2/miniconda3/condabin:/home/hpc/pr74ze/ri89coc2/lrz_configs/bin:/home/hpc/pr74ze/ri89coc2/lrz_configs/bin:/home/hpc/pr74ze/ri89coc2/lrz_configs/bin:/usr/local/sbin:/usr/local/bin:/usr/sbin:/usr/bin:/sbin:/bin:/usr/games:/usr/local/games:/snap/bin
+++ __add_sys_prefix_to_path
+++ '[' -n '' ']'
++++ dirname /home/ru48zab2/miniconda3/bin/conda
+++ SYSP=/home/ru48zab2/miniconda3/bin
++++ dirname /home/ru48zab2/miniconda3/bin
+++ SYSP=/home/ru48zab2/miniconda3
+++ '[' -n '' ']'
+++ PATH=/home/ru48zab2/miniconda3/bin:/home/hpc/pr74ze/ri89coc2/lrz_configs/bin:/home/ru48zab2/miniconda3/envs/pucu/bin:/home/ru48zab2/miniconda3/condabin:/home/hpc/pr74ze/ri89coc2/lrz_configs/bin:/home/hpc/pr74ze/ri89coc2/lrz_configs/bin:/home/hpc/pr74ze/ri89coc2/lrz_configs/bin:/usr/local/sbin:/usr/local/bin:/usr/sbin:/usr/bin:/sbin:/bin:/usr/games:/usr/local/games:/snap/bin
+++ export PATH
++++ PS1=
++++ /home/ru48zab2/miniconda3/bin/conda shell.posix activate base
+++ ask_conda='export PATH='\''/home/hpc/pr74ze/ri89coc2/lrz_configs/bin:/home/ru48zab2/miniconda3/bin:/home/ru48zab2/miniconda3/condabin:/home/hpc/pr74ze/ri89coc2/lrz_configs/bin:/home/hpc/pr74ze/ri89coc2/lrz_configs/bin:/home/hpc/pr74ze/ri89coc2/lrz_configs/bin:/usr/local/sbin:/usr/local/bin:/usr/sbin:/usr/bin:/sbin:/bin:/usr/games:/usr/local/games:/snap/bin'\''
unset CONDA_PREFIX_1
PS1='\''(base) '\''
export CONDA_PREFIX='\''/home/ru48zab2/miniconda3'\''
export CONDA_SHLVL='\''1'\''
export CONDA_DEFAULT_ENV='\''base'\''
export CONDA_PROMPT_MODIFIER='\''(base) '\''
export CONDA_EXE='\''/home/ru48zab2/miniconda3/bin/conda'\''
export _CE_M='\'''\''
export _CE_CONDA='\'''\''
export CONDA_PYTHON_EXE='\''/home/ru48zab2/miniconda3/bin/python'\'''
+++ rc=0
+++ PATH=/home/hpc/pr74ze/ri89coc2/lrz_configs/bin:/home/ru48zab2/miniconda3/envs/pucu/bin:/home/ru48zab2/miniconda3/condabin:/home/hpc/pr74ze/ri89coc2/lrz_configs/bin:/home/hpc/pr74ze/ri89coc2/lrz_configs/bin:/home/hpc/pr74ze/ri89coc2/lrz_configs/bin:/usr/local/sbin:/usr/local/bin:/usr/sbin:/usr/bin:/sbin:/bin:/usr/games:/usr/local/games:/snap/bin
+++ eval 'export PATH='\''/home/hpc/pr74ze/ri89coc2/lrz_configs/bin:/home/ru48zab2/miniconda3/bin:/home/ru48zab2/miniconda3/condabin:/home/hpc/pr74ze/ri89coc2/lrz_configs/bin:/home/hpc/pr74ze/ri89coc2/lrz_configs/bin:/home/hpc/pr74ze/ri89coc2/lrz_configs/bin:/usr/local/sbin:/usr/local/bin:/usr/sbin:/usr/bin:/sbin:/bin:/usr/games:/usr/local/games:/snap/bin'\''
unset CONDA_PREFIX_1
PS1='\''(base) '\''
export CONDA_PREFIX='\''/home/ru48zab2/miniconda3'\''
export CONDA_SHLVL='\''1'\''
export CONDA_DEFAULT_ENV='\''base'\''
export CONDA_PROMPT_MODIFIER='\''(base) '\''
export CONDA_EXE='\''/home/ru48zab2/miniconda3/bin/conda'\''
export _CE_M='\'''\''
export _CE_CONDA='\'''\''
export CONDA_PYTHON_EXE='\''/home/ru48zab2/miniconda3/bin/python'\'''
++++ export PATH=/home/hpc/pr74ze/ri89coc2/lrz_configs/bin:/home/ru48zab2/miniconda3/bin:/home/ru48zab2/miniconda3/condabin:/home/hpc/pr74ze/ri89coc2/lrz_configs/bin:/home/hpc/pr74ze/ri89coc2/lrz_configs/bin:/home/hpc/pr74ze/ri89coc2/lrz_configs/bin:/usr/local/sbin:/usr/local/bin:/usr/sbin:/usr/bin:/sbin:/bin:/usr/games:/usr/local/games:/snap/bin
++++ PATH=/home/hpc/pr74ze/ri89coc2/lrz_configs/bin:/home/ru48zab2/miniconda3/bin:/home/ru48zab2/miniconda3/condabin:/home/hpc/pr74ze/ri89coc2/lrz_configs/bin:/home/hpc/pr74ze/ri89coc2/lrz_configs/bin:/home/hpc/pr74ze/ri89coc2/lrz_configs/bin:/usr/local/sbin:/usr/local/bin:/usr/sbin:/usr/bin:/sbin:/bin:/usr/games:/usr/local/games:/snap/bin
++++ unset CONDA_PREFIX_1
++++ PS1='(base) '
++++ export CONDA_PREFIX=/home/ru48zab2/miniconda3
++++ CONDA_PREFIX=/home/ru48zab2/miniconda3
++++ export CONDA_SHLVL=1
++++ CONDA_SHLVL=1
++++ export CONDA_DEFAULT_ENV=base
++++ CONDA_DEFAULT_ENV=base
++++ export 'CONDA_PROMPT_MODIFIER=(base) '
++++ CONDA_PROMPT_MODIFIER='(base) '
++++ export CONDA_EXE=/home/ru48zab2/miniconda3/bin/conda
++++ CONDA_EXE=/home/ru48zab2/miniconda3/bin/conda
++++ export _CE_M=
++++ _CE_M=
++++ export _CE_CONDA=
++++ _CE_CONDA=
++++ export CONDA_PYTHON_EXE=/home/ru48zab2/miniconda3/bin/python
++++ CONDA_PYTHON_EXE=/home/ru48zab2/miniconda3/bin/python
+++ '[' 0 '!=' 0 ']'
+++ __conda_hashr
+++ '[' -n '' ']'
+++ '[' -n '' ']'
+++ hash -r
++ unset __conda_setup
+ conda activate pucu
+ '[' 2 -lt 1 ']'
+ local cmd=activate
+ shift
+ case "$cmd" in
+ __conda_activate activate pucu
+ '[' -n '' ']'
+ local cmd=activate
+ shift
+ local ask_conda
+ CONDA_INTERNAL_OLDPATH=/home/hpc/pr74ze/ri89coc2/lrz_configs/bin:/home/ru48zab2/miniconda3/bin:/home/ru48zab2/miniconda3/condabin:/home/hpc/pr74ze/ri89coc2/lrz_configs/bin:/home/hpc/pr74ze/ri89coc2/lrz_configs/bin:/home/hpc/pr74ze/ri89coc2/lrz_configs/bin:/usr/local/sbin:/usr/local/bin:/usr/sbin:/usr/bin:/sbin:/bin:/usr/games:/usr/local/games:/snap/bin
+ __add_sys_prefix_to_path
+ '[' -n '' ']'
++ dirname /home/ru48zab2/miniconda3/bin/conda
+ SYSP=/home/ru48zab2/miniconda3/bin
++ dirname /home/ru48zab2/miniconda3/bin
+ SYSP=/home/ru48zab2/miniconda3
+ '[' -n '' ']'
+ PATH=/home/ru48zab2/miniconda3/bin:/home/hpc/pr74ze/ri89coc2/lrz_configs/bin:/home/ru48zab2/miniconda3/bin:/home/ru48zab2/miniconda3/condabin:/home/hpc/pr74ze/ri89coc2/lrz_configs/bin:/home/hpc/pr74ze/ri89coc2/lrz_configs/bin:/home/hpc/pr74ze/ri89coc2/lrz_configs/bin:/usr/local/sbin:/usr/local/bin:/usr/sbin:/usr/bin:/sbin:/bin:/usr/games:/usr/local/games:/snap/bin
+ export PATH
++ PS1='(base) '
++ /home/ru48zab2/miniconda3/bin/conda shell.posix activate pucu
+ ask_conda='PS1='\''(pucu) '\''
export PATH='\''/home/hpc/pr74ze/ri89coc2/lrz_configs/bin:/home/ru48zab2/miniconda3/envs/pucu/bin:/home/ru48zab2/miniconda3/condabin:/home/hpc/pr74ze/ri89coc2/lrz_configs/bin:/home/hpc/pr74ze/ri89coc2/lrz_configs/bin:/home/hpc/pr74ze/ri89coc2/lrz_configs/bin:/usr/local/sbin:/usr/local/bin:/usr/sbin:/usr/bin:/sbin:/bin:/usr/games:/usr/local/games:/snap/bin'\''
export CONDA_PREFIX='\''/home/ru48zab2/miniconda3/envs/pucu'\''
export CONDA_SHLVL='\''2'\''
export CONDA_DEFAULT_ENV='\''pucu'\''
export CONDA_PROMPT_MODIFIER='\''(pucu) '\''
export CONDA_EXE='\''/home/ru48zab2/miniconda3/bin/conda'\''
export _CE_M='\'''\''
export _CE_CONDA='\'''\''
export CONDA_PYTHON_EXE='\''/home/ru48zab2/miniconda3/bin/python'\''
export CONDA_PREFIX_1='\''/home/ru48zab2/miniconda3'\'''
+ rc=0
+ PATH=/home/hpc/pr74ze/ri89coc2/lrz_configs/bin:/home/ru48zab2/miniconda3/bin:/home/ru48zab2/miniconda3/condabin:/home/hpc/pr74ze/ri89coc2/lrz_configs/bin:/home/hpc/pr74ze/ri89coc2/lrz_configs/bin:/home/hpc/pr74ze/ri89coc2/lrz_configs/bin:/usr/local/sbin:/usr/local/bin:/usr/sbin:/usr/bin:/sbin:/bin:/usr/games:/usr/local/games:/snap/bin
+ eval 'PS1='\''(pucu) '\''
export PATH='\''/home/hpc/pr74ze/ri89coc2/lrz_configs/bin:/home/ru48zab2/miniconda3/envs/pucu/bin:/home/ru48zab2/miniconda3/condabin:/home/hpc/pr74ze/ri89coc2/lrz_configs/bin:/home/hpc/pr74ze/ri89coc2/lrz_configs/bin:/home/hpc/pr74ze/ri89coc2/lrz_configs/bin:/usr/local/sbin:/usr/local/bin:/usr/sbin:/usr/bin:/sbin:/bin:/usr/games:/usr/local/games:/snap/bin'\''
export CONDA_PREFIX='\''/home/ru48zab2/miniconda3/envs/pucu'\''
export CONDA_SHLVL='\''2'\''
export CONDA_DEFAULT_ENV='\''pucu'\''
export CONDA_PROMPT_MODIFIER='\''(pucu) '\''
export CONDA_EXE='\''/home/ru48zab2/miniconda3/bin/conda'\''
export _CE_M='\'''\''
export _CE_CONDA='\'''\''
export CONDA_PYTHON_EXE='\''/home/ru48zab2/miniconda3/bin/python'\''
export CONDA_PREFIX_1='\''/home/ru48zab2/miniconda3'\'''
++ PS1='(pucu) '
++ export PATH=/home/hpc/pr74ze/ri89coc2/lrz_configs/bin:/home/ru48zab2/miniconda3/envs/pucu/bin:/home/ru48zab2/miniconda3/condabin:/home/hpc/pr74ze/ri89coc2/lrz_configs/bin:/home/hpc/pr74ze/ri89coc2/lrz_configs/bin:/home/hpc/pr74ze/ri89coc2/lrz_configs/bin:/usr/local/sbin:/usr/local/bin:/usr/sbin:/usr/bin:/sbin:/bin:/usr/games:/usr/local/games:/snap/bin
++ PATH=/home/hpc/pr74ze/ri89coc2/lrz_configs/bin:/home/ru48zab2/miniconda3/envs/pucu/bin:/home/ru48zab2/miniconda3/condabin:/home/hpc/pr74ze/ri89coc2/lrz_configs/bin:/home/hpc/pr74ze/ri89coc2/lrz_configs/bin:/home/hpc/pr74ze/ri89coc2/lrz_configs/bin:/usr/local/sbin:/usr/local/bin:/usr/sbin:/usr/bin:/sbin:/bin:/usr/games:/usr/local/games:/snap/bin
++ export CONDA_PREFIX=/home/ru48zab2/miniconda3/envs/pucu
++ CONDA_PREFIX=/home/ru48zab2/miniconda3/envs/pucu
++ export CONDA_SHLVL=2
++ CONDA_SHLVL=2
++ export CONDA_DEFAULT_ENV=pucu
++ CONDA_DEFAULT_ENV=pucu
++ export 'CONDA_PROMPT_MODIFIER=(pucu) '
++ CONDA_PROMPT_MODIFIER='(pucu) '
++ export CONDA_EXE=/home/ru48zab2/miniconda3/bin/conda
++ CONDA_EXE=/home/ru48zab2/miniconda3/bin/conda
++ export _CE_M=
++ _CE_M=
++ export _CE_CONDA=
++ _CE_CONDA=
++ export CONDA_PYTHON_EXE=/home/ru48zab2/miniconda3/bin/python
++ CONDA_PYTHON_EXE=/home/ru48zab2/miniconda3/bin/python
++ export CONDA_PREFIX_1=/home/ru48zab2/miniconda3
++ CONDA_PREFIX_1=/home/ru48zab2/miniconda3
+ '[' 0 '!=' 0 ']'
+ __conda_hashr
+ '[' -n '' ']'
+ '[' -n '' ']'
+ hash -r
+ mkdir -p ./checkpoints/cterm-puupl-r7
+ python -u src/puupl/run.py configs/cterm.yaml cv_current_fold:7 cv_total_folds:10 exp_params.model_checkpoint_path:./checkpoints/cterm-puupl-r7 oversampled_prior:0.5
GPU available: True, used: True
TPU available: False, using: 0 TPU cores
LOCAL_RANK: 0 - CUDA_VISIBLE_DEVICES: [0]
Set SLURM handle signals.

  | Name         | Type         | Params
----------------------------------------------
0 | architecture | Ensemble     | 811 K 
1 | loss         | CombinedLoss | 0     
----------------------------------------------
811 K     Trainable params
0         Non-trainable params
811 K     Total params
3.245     Total estimated model params size (MB)
/home/ru48zab2/miniconda3/envs/pucu/lib/python3.8/site-packages/pytorch_lightning/utilities/distributed.py:52: UserWarning: The dataloader, val dataloader 0, does not have many workers which may be a bottleneck. Consider increasing the value of the `num_workers` argument` (try 256 which is the number of cpus on this machine) in the `DataLoader` init to improve performance.
  warnings.warn(*args, **kwargs)
/home/ru48zab2/miniconda3/envs/pucu/lib/python3.8/site-packages/pytorch_lightning/utilities/distributed.py:52: UserWarning: The dataloader, train dataloader, does not have many workers which may be a bottleneck. Consider increasing the value of the `num_workers` argument` (try 256 which is the number of cpus on this machine) in the `DataLoader` init to improve performance.
  warnings.warn(*args, **kwargs)
LOCAL_RANK: 0 - CUDA_VISIBLE_DEVICES: [0]
/home/ru48zab2/miniconda3/envs/pucu/lib/python3.8/site-packages/pytorch_lightning/utilities/distributed.py:52: UserWarning: The dataloader, test dataloader 0, does not have many workers which may be a bottleneck. Consider increasing the value of the `num_workers` argument` (try 256 which is the number of cpus on this machine) in the `DataLoader` init to improve performance.
  warnings.warn(*args, **kwargs)
